<?xml version='1.0' encoding='UTF-8' ?>
<testsuite name="com.vehiclecompanion.feature.VehicleCardTest" tests="4" failures="0" errors="0" skipped="0" time="8.933" timestamp="2025-09-26T15:20:43" hostname="localhost">
  <properties>
    <property name="device" value="Medium_Phone_API_36.0(AVD) - 16" />
    <property name="flavor" value="live" />
    <property name="project" value=":features:garage" />
  </properties>
  <testcase name="vehicleCard_displaysCorrectContent_withAllFields" classname="com.vehiclecompanion.feature.VehicleCardTest" time="2.49" />
  <testcase name="vehicleCard_displaysCorrectContent_withoutVin" classname="com.vehiclecompanion.feature.VehicleCardTest" time="1.732" />
  <testcase name="vehicleCard_displaysDefaultCarIcon_whenNoImage" classname="com.vehiclecompanion.feature.VehicleCardTest" time="1.737" />
  <testcase name="vehicleCard_displaysVehicleImage_whenImageProvided" classname="com.vehiclecompanion.feature.VehicleCardTest" time="1.175" />
</testsuite>